Using pre-set license
Built from '2020.2/release' branch; Version is '2020.2.1f1 (270dd8c3da1c) revision 2559448'; Using compiler version '192528614'; Build Type 'Release'
OS: 'Windows 10  (10.0.0) 64bit' Language: 'en' Physical Memory: 24524 MB
BatchMode: 1, IsHumanControllingUs: 0, StartBugReporterOnCrash: 0, Is64bit: 1, IsPro: 0

 COMMAND LINE ARGUMENTS:
C:\Program Files\Unity\Hub\Editor\2020.2.1f1\Editor\Unity.exe
-adb2
-batchMode
-noUpm
-name
AssetImportWorker0
-projectPath
C:/Users/tareq/Documents/Centennial/FinalSem/GameProgramming/COMP397-W2021-Lesson1b
-logFile
Logs/AssetImportWorker0.log
-srvPort
60822
Successfully changed project path to: C:/Users/tareq/Documents/Centennial/FinalSem/GameProgramming/COMP397-W2021-Lesson1b
C:/Users/tareq/Documents/Centennial/FinalSem/GameProgramming/COMP397-W2021-Lesson1b
Using Asset Import Pipeline V2.
Refreshing native plugins compatible for Editor in 23.78 ms, found 0 plugins.
Preloading 0 native plugins for Editor in 0.00 ms.
Initialize engine version: 2020.2.1f1 (270dd8c3da1c)
[Subsystems] Discovering subsystems at path C:/Program Files/Unity/Hub/Editor/2020.2.1f1/Editor/Data/Resources/UnitySubsystems
[Subsystems] Discovering subsystems at path C:/Users/tareq/Documents/Centennial/FinalSem/GameProgramming/COMP397-W2021-Lesson1b/Assets
GfxDevice: creating device client; threaded=0
Direct3D:
    Version:  Direct3D 11.0 [level 11.1]
    Renderer: NVIDIA GeForce GTX 1660 (ID=0x2184)
    Vendor:   
    VRAM:     5991 MB
    Driver:   26.21.14.4250
Initialize mono
Mono path[0] = 'C:/Program Files/Unity/Hub/Editor/2020.2.1f1/Editor/Data/Managed'
Mono path[1] = 'C:/Program Files/Unity/Hub/Editor/2020.2.1f1/Editor/Data/MonoBleedingEdge/lib/mono/unityjit'
Mono config path = 'C:/Program Files/Unity/Hub/Editor/2020.2.1f1/Editor/Data/MonoBleedingEdge/etc'
Using monoOptions --debugger-agent=transport=dt_socket,embedding=1,server=y,suspend=n,address=127.0.0.1:56780
Begin MonoManager ReloadAssembly
Registering precompiled unity dll's ...
Register platform support module: C:/Program Files/Unity/Hub/Editor/2020.2.1f1/Editor/Data/PlaybackEngines/WebGLSupport/UnityEditor.WebGL.Extensions.dll
Register platform support module: C:/Program Files/Unity/Hub/Editor/2020.2.1f1/Editor/Data/PlaybackEngines/WindowsStandaloneSupport/UnityEditor.WindowsStandalone.Extensions.dll
Registered in 0.002828 seconds.
Native extension for WindowsStandalone target not found
Native extension for WebGL target not found
Refreshing native plugins compatible for Editor in 24.40 ms, found 0 plugins.
Preloading 0 native plugins for Editor in 0.00 ms.
Invoked RoslynAnalysisRunner static constructor.
RoslynAnalysisRunner will not be running.
RoslynAnalysisRunner has terminated.
Mono: successfully reloaded assembly
- Completed reload, in  2.239 seconds
Platform modules already initialized, skipping
Registering precompiled user dll's ...
Registered in 0.000819 seconds.
Begin MonoManager ReloadAssembly
Native extension for WindowsStandalone target not found
Native extension for WebGL target not found
Refreshing native plugins compatible for Editor in 0.22 ms, found 0 plugins.
Preloading 0 native plugins for Editor in 0.00 ms.
Invoked RoslynAnalysisRunner static constructor.
RoslynAnalysisRunner will not be running.
RoslynAnalysisRunner has terminated.
Mono: successfully reloaded assembly
- Completed reload, in  0.855 seconds
Platform modules already initialized, skipping
========================================================================
Worker process is ready to serve import requests
Launched and connected shader compiler UnityShaderCompiler.exe after 0.08 seconds
Refreshing native plugins compatible for Editor in 0.34 ms, found 0 plugins.
Preloading 0 native plugins for Editor in 0.00 ms.
Unloading 1094 Unused Serialized files (Serialized files now loaded: 0)
System memory in use before: 56.3 MB.
System memory in use after: 56.3 MB.

Unloading 10 unused Assets to reduce memory usage. Loaded Objects now: 1533.
Total: 1.733000 ms (FindLiveObjects: 0.186000 ms CreateObjectMapping: 0.030100 ms MarkObjects: 1.451100 ms  DeleteObjects: 0.064800 ms)

========================================================================
Received Import Request.
  path: Assets/Scenes
  artifactKey: Guid(d135451242964b645bbe8fb0968699b5) Importer(815301076,1909f56bfc062723c751e8b465ee728b)
Start importing Assets/Scenes using Guid(d135451242964b645bbe8fb0968699b5) Importer(815301076,1909f56bfc062723c751e8b465ee728b)  -> (artifact id: '330e568ef508e3a8039760dcc64fb0a2') in 0.010685 seconds
  Import took 0.012643 seconds .

========================================================================
Received Import Request.
  Time since last request: 0.463065 seconds.
  path: Assets/Scenes
  artifactKey: Guid(d135451242964b645bbe8fb0968699b5) Importer(815301076,1909f56bfc062723c751e8b465ee728b)
Start importing Assets/Scenes using Guid(d135451242964b645bbe8fb0968699b5) Importer(815301076,1909f56bfc062723c751e8b465ee728b)  -> (artifact id: '330e568ef508e3a8039760dcc64fb0a2') in 0.003580 seconds
  Import took 0.005524 seconds .

========================================================================
Received Import Request.
  Time since last request: 6.653785 seconds.
  path: Assets/_Scenes
  artifactKey: Guid(d135451242964b645bbe8fb0968699b5) Importer(815301076,1909f56bfc062723c751e8b465ee728b)
Start importing Assets/_Scenes using Guid(d135451242964b645bbe8fb0968699b5) Importer(815301076,1909f56bfc062723c751e8b465ee728b)  -> (artifact id: 'ab23b9be03b80204d488004441ed05cd') in 0.008747 seconds
  Import took 0.010961 seconds .

========================================================================
Received Import Request.
  Time since last request: 22.072924 seconds.
  path: Assets
  artifactKey: Guid(00000000000000001000000000000000) Importer(815301076,1909f56bfc062723c751e8b465ee728b)
Start importing Assets using Guid(00000000000000001000000000000000) Importer(815301076,1909f56bfc062723c751e8b465ee728b)  -> (artifact id: 'e1a2c4dac9df7c17871e19a3b74f0e9f') in 0.009070 seconds
  Import took 0.011009 seconds .

========================================================================
Received Import Request.
  Time since last request: 10.488649 seconds.
  path: Assets/_Scripts
  artifactKey: Guid(0061bd9a288e70941ac1368519cad48d) Importer(815301076,1909f56bfc062723c751e8b465ee728b)
Start importing Assets/_Scripts using Guid(0061bd9a288e70941ac1368519cad48d) Importer(815301076,1909f56bfc062723c751e8b465ee728b)  -> (artifact id: '2477ab5286dcdb04cfcf8d4bb1a6fe7e') in 0.008579 seconds
  Import took 0.010491 seconds .

========================================================================
Received Import Request.
  Time since last request: 260.172298 seconds.
  path: Assets/Audio
  artifactKey: Guid(574831bc71f585d459cd7e3c715d3052) Importer(815301076,1909f56bfc062723c751e8b465ee728b)
Start importing Assets/Audio using Guid(574831bc71f585d459cd7e3c715d3052) Importer(815301076,1909f56bfc062723c751e8b465ee728b)  -> (artifact id: '8e0410b3c40778188298f3880000fd07') in 0.008873 seconds
  Import took 0.011372 seconds .

========================================================================
Received Import Request.
  Time since last request: 86.336594 seconds.
  path: Assets/Materials
  artifactKey: Guid(ad5b63b5386e6a744a60156d87c72218) Importer(815301076,1909f56bfc062723c751e8b465ee728b)
Start importing Assets/Materials using Guid(ad5b63b5386e6a744a60156d87c72218) Importer(815301076,1909f56bfc062723c751e8b465ee728b)  -> (artifact id: 'e0d16d9b5bfdbb5bf0947f30cc68baa1') in 0.008679 seconds
  Import took 0.010547 seconds .

========================================================================
Received Import Request.
  Time since last request: 8.686362 seconds.
  path: Assets/Models
  artifactKey: Guid(fcbc906a965b71b49aa049c340a78bb8) Importer(815301076,1909f56bfc062723c751e8b465ee728b)
Start importing Assets/Models using Guid(fcbc906a965b71b49aa049c340a78bb8) Importer(815301076,1909f56bfc062723c751e8b465ee728b)  -> (artifact id: 'ccd716a31cad885cc2ad60da33d0e7d3') in 0.008381 seconds
  Import took 0.010371 seconds .

========================================================================
Received Import Request.
  Time since last request: 7.758606 seconds.
  path: Assets/Textures
  artifactKey: Guid(bb58d1230404e2047aa5acac781bc6fe) Importer(815301076,1909f56bfc062723c751e8b465ee728b)
Start importing Assets/Textures using Guid(bb58d1230404e2047aa5acac781bc6fe) Importer(815301076,1909f56bfc062723c751e8b465ee728b)  -> (artifact id: 'd82772b3b8f8a2faa6489c5213aa4e83') in 0.009191 seconds
  Import took 0.011117 seconds .

========================================================================
Received Import Request.
  Time since last request: 75.545597 seconds.
  path: Assets/Resources
  artifactKey: Guid(d44a481c3c2cbb24f88740610f59de3a) Importer(815301076,1909f56bfc062723c751e8b465ee728b)
Start importing Assets/Resources using Guid(d44a481c3c2cbb24f88740610f59de3a) Importer(815301076,1909f56bfc062723c751e8b465ee728b)  -> (artifact id: '9fc4a02876503b1e6f12c751393fc037') in 0.008638 seconds
  Import took 0.010530 seconds .

========================================================================
Received Import Request.
  Time since last request: 5.484143 seconds.
  path: Assets/_Scenes/SampleScene.unity
  artifactKey: Guid(9fc0d4010bbf28b4594072e72b8655ab) Importer(815301076,1909f56bfc062723c751e8b465ee728b)
Start importing Assets/_Scenes/SampleScene.unity using Guid(9fc0d4010bbf28b4594072e72b8655ab) Importer(815301076,1909f56bfc062723c751e8b465ee728b)  -> (artifact id: '016640421bf54ce873cbc7b610fdb87c') in 0.015896 seconds
  Import took 0.017821 seconds .

========================================================================
Received Import Request.
  Time since last request: 7.207651 seconds.
  path: Assets/_Scenes/Main.unity
  artifactKey: Guid(9fc0d4010bbf28b4594072e72b8655ab) Importer(815301076,1909f56bfc062723c751e8b465ee728b)
Start importing Assets/_Scenes/Main.unity using Guid(9fc0d4010bbf28b4594072e72b8655ab) Importer(815301076,1909f56bfc062723c751e8b465ee728b)  -> (artifact id: '124ad03d10d44dcedcb5e39b767a46f0') in 0.009687 seconds
  Import took 0.011721 seconds .

========================================================================
Received Import Request.
  Time since last request: 7.981162 seconds.
  path: Assets/Resources/Prefabs
  artifactKey: Guid(02cce83e823c2234d847798c2285069b) Importer(815301076,1909f56bfc062723c751e8b465ee728b)
Start importing Assets/Resources/Prefabs using Guid(02cce83e823c2234d847798c2285069b) Importer(815301076,1909f56bfc062723c751e8b465ee728b)  -> (artifact id: 'ebb12ce0f7994d4ad7f726cf19115547') in 0.008500 seconds
  Import took 0.011135 seconds .

========================================================================
Received Import Request.
  Time since last request: 533.114443 seconds.
  path: Assets/Models/cube.blend
  artifactKey: Guid(fb701ec3fcec8dc448e305475371a460) Importer(815301076,1909f56bfc062723c751e8b465ee728b)
Start importing Assets/Models/cube.blend using Guid(fb701ec3fcec8dc448e305475371a460) Importer(815301076,1909f56bfc062723c751e8b465ee728b)  -> (artifact id: '19c39be462cc522f2eb22e5511ad664e') in 0.161378 seconds
  Import took 0.163954 seconds .

========================================================================
Received Import Request.
  Time since last request: 30.606607 seconds.
  path: Assets/Models/cube.blend
  artifactKey: Guid(fb701ec3fcec8dc448e305475371a460) Importer(815301076,1909f56bfc062723c751e8b465ee728b)
Start importing Assets/Models/cube.blend using Guid(fb701ec3fcec8dc448e305475371a460) Importer(815301076,1909f56bfc062723c751e8b465ee728b)  -> (artifact id: 'e327d1394d8f188fa702d8b58d81d5ce') in 0.036055 seconds
  Import took 0.038184 seconds .

========================================================================
Received Import Request.
  Time since last request: 881.312646 seconds.
  path: Assets/Models/cube.blend
  artifactKey: Guid(fb701ec3fcec8dc448e305475371a460) Importer(815301076,1909f56bfc062723c751e8b465ee728b)
Start importing Assets/Models/cube.blend using Guid(fb701ec3fcec8dc448e305475371a460) Importer(815301076,1909f56bfc062723c751e8b465ee728b)  -> (artifact id: 'ff5b511b7761ba567e0ffeb2eb04cc9b') in 0.031739 seconds
  Import took 0.034019 seconds .

AssetImportWorkerClient::OnTransportError - code=2 error=End of file
